C:\Program Files (x86)\Microsoft Visual Studio\2019\Community\MSBuild\Microsoft\VC\v160\Microsoft.CppBuild.targets(452,5): warning MSB8028: The intermediate directory (C:\Dev\FinalProject\BirchEngine\bin\intermediates\Win32\Debug\) contains files shared from another project (BirchEngine.vcxproj).  This can lead to incorrect clean and rebuild behavior.
  Game.cpp
C:\Dev\FinalProject\BirchEngine\BirchEngine\Src\ECS\KeyboardController.h(24,1): warning C4244: '-=': conversion from 'double' to 'int', possible loss of data
C:\Dev\FinalProject\BirchEngine\BirchEngine\Src\ECS\KeyboardController.h(87,32): warning C4244: '=': conversion from 'int' to 'float', possible loss of data
C:\Dev\FinalProject\BirchEngine\BirchEngine\Src\ECS\KeyboardController.h(95,31): warning C4244: '=': conversion from 'int' to 'float', possible loss of data
C:\Dev\FinalProject\BirchEngine\BirchEngine\Src\ECS\KeyboardController.h(106,32): warning C4244: '=': conversion from 'int' to 'float', possible loss of data
C:\Dev\FinalProject\BirchEngine\BirchEngine\Src\ECS\KeyboardController.h(114,32): warning C4244: '=': conversion from 'int' to 'float', possible loss of data
C:\Dev\FinalProject\BirchEngine\BirchEngine\Src\Game.cpp(226,16): warning C4244: 'initializing': conversion from 'double' to 'int', possible loss of data
C:\Dev\FinalProject\BirchEngine\BirchEngine\Src\Game.cpp(333,67): warning C4244: '=': conversion from 'float' to 'int', possible loss of data
C:\Dev\FinalProject\BirchEngine\BirchEngine\Src\Game.cpp(334,67): warning C4244: '=': conversion from 'float' to 'int', possible loss of data
C:\Dev\FinalProject\BirchEngine\BirchEngine\Src\ECS\ECS.h(93,33): warning C4244: 'argument': conversion from '_Ty' to 'float', possible loss of data
C:\Dev\FinalProject\BirchEngine\BirchEngine\Src\ECS\ECS.h(93,33): warning C4244:         with
C:\Dev\FinalProject\BirchEngine\BirchEngine\Src\ECS\ECS.h(93,33): warning C4244:         [
C:\Dev\FinalProject\BirchEngine\BirchEngine\Src\ECS\ECS.h(93,33): warning C4244:             _Ty=int
C:\Dev\FinalProject\BirchEngine\BirchEngine\Src\ECS\ECS.h(93,33): warning C4244:         ]
C:\Dev\FinalProject\BirchEngine\BirchEngine\Src\Game.cpp(100): message : see reference to function template instantiation 'T &Entity::addComponent<TransformComponent,int,int,int,int,int>(int &&,int &&,int &&,int &&,int &&)' being compiled
C:\Dev\FinalProject\BirchEngine\BirchEngine\Src\Game.cpp(100): message :         with
C:\Dev\FinalProject\BirchEngine\BirchEngine\Src\Game.cpp(100): message :         [
C:\Dev\FinalProject\BirchEngine\BirchEngine\Src\Game.cpp(100): message :             T=TransformComponent
C:\Dev\FinalProject\BirchEngine\BirchEngine\Src\Game.cpp(100): message :         ]
  BirchEngine.vcxproj -> C:\Dev\FinalProject\BirchEngine\bin\Win32\Debug\2D Game Engine.exe
